<?xml version="1.0" encoding="UTF-8"?>
<!-- Generated by org.testng.reporters.JUnitReportReporter -->
<testsuite hostname="RomelHPLaptop" failures="0" tests="2" name="org.rahulshettyacademy.DemoTest" time="12.516" errors="0" timestamp="09 Mar 2021 04:54:14 GMT" skipped="0">
  <testcase classname="org.rahulshettyacademy.DemoTest" name="flightTest" time="7.708"/>
  <testcase classname="org.rahulshettyacademy.DemoTest" name="flightTest" time="4.808"/>
</testsuite> <!-- org.rahulshettyacademy.DemoTest -->
