<?xml version="1.0" encoding="UTF-8"?>
<!-- Generated by org.testng.reporters.JUnitReportReporter -->
<testsuite hostname="RomelHPLaptop" failures="0" tests="2" name="org.rahulshettyacademy.DemoTest" time="13.480" errors="0" timestamp="08 Mar 2021 05:37:27 GMT" skipped="0">
  <testcase classname="org.rahulshettyacademy.DemoTest" name="flightTest" time="8.252"/>
  <testcase classname="org.rahulshettyacademy.DemoTest" name="flightTest" time="5.228"/>
</testsuite> <!-- org.rahulshettyacademy.DemoTest -->
